name: run1
run_id: install_deps
env USERPROFILE: C:\Users\USER
env PIP_EXTRA_INDEX_URL: https://fzmoh5Kz7hU12USMdh77:@pypi.fury.io/archi68/
env SYSTEMROOT: C:\Windows
env PATHEXT: .COM;.EXE;.BAT;.CMD;.VBS;.VBE;.JS;.JSE;.WSF;.WSH;.MSC
env PROGRAMFILES(X86): C:\Program Files (x86)
env PROCESSOR_ARCHITECTURE: AMD64
env NUMBER_OF_PROCESSORS: 12
env COMSPEC: C:\Windows\system32\cmd.exe
env PROGRAMFILES: C:\Program Files
env TMP: C:\Users\USER\AppData\Local\Temp
env TEMP: C:\Users\USER\AppData\Local\Temp
env SYSTEMDRIVE: C:
env PROGRAMDATA: C:\ProgramData
env PATH: C:\Users\USER\OneDrive\Docs\KV_DW_JL_5\ML_deployments\serve_and_deploy_via_REST_API\die_casting_api\.tox\test_app\Scripts;C:\ProgramData\anaconda3\envs\ml_deployment;C:\ProgramData\anaconda3\envs\ml_deployment\Library\mingw-w64\bin;C:\ProgramData\anaconda3\envs\ml_deployment\Library\usr\bin;C:\ProgramData\anaconda3\envs\ml_deployment\Library\bin;C:\ProgramData\anaconda3\envs\ml_deployment\Scripts;C:\ProgramData\anaconda3\envs\ml_deployment\bin;C:\ProgramData\anaconda3\condabin;C:\Program Files\NVIDIA\CUDNN\v9.2\bin;C:\Program Files\NVIDIA GPU Computing Toolkit\CUDA\v12.5\bin;C:\Program Files\NVIDIA GPU Computing Toolkit\CUDA\v12.5\libnvvp;C:\Windows\system32;C:\Windows;C:\Windows\System32\Wbem;C:\Windows\System32\WindowsPowerShell\v1.0;C:\Windows\System32\OpenSSH;C:\Program Files (x86)\NVIDIA Corporation\PhysX\Common;C:\Program Files\NVIDIA Corporation\NVIDIA NvDLISR;C:\Program Files\Microsoft SQL Server\150\Tools\Binn;C:\Program Files\Microsoft SQL Server\Client SDK\ODBC\170\Tools\Binn;C:\Program Files\dotnet;C:\Program Files\NVIDIA Corporation\Nsight Compute 2024.2.1;C:\Program Files (x86)\Common Files\Acronis\SnapAPI;C:\Program Files\Git\cmd;C:\ProgramData\chocolatey\bin;C:\Program Files\Docker\Docker\resources\bin;C:\Program Files\Amazon\AWSCLI\bin;C:\Users\USER\scoop\shims;C:\Users\USER\AppData\Local\Microsoft\WindowsApps;C:\Users\USER\.dotnet\tools;C:\Program Files\JetBrains\PyCharm Community Edition 2024.1.4\bin;.;C:\Users\USER\AppData\Local\GitHubDesktop\bin
env PYTHONHASHSEED: 228
env PIP_DISABLE_PIP_VERSION_CHECK: 1
env PYTHONIOENCODING: utf-8
env PYTHONPATH: .
env TOX_ENV_NAME: run1
env TOX_WORK_DIR: C:\Users\USER\OneDrive\Docs\KV_DW_JL_5\ML_deployments\serve_and_deploy_via_REST_API\die_casting_api\.tox
env TOX_ENV_DIR: C:\Users\USER\OneDrive\Docs\KV_DW_JL_5\ML_deployments\serve_and_deploy_via_REST_API\die_casting_api\.tox\test_app
env VIRTUAL_ENV: C:\Users\USER\OneDrive\Docs\KV_DW_JL_5\ML_deployments\serve_and_deploy_via_REST_API\die_casting_api\.tox\test_app
env COLUMNS: 228
env LINES: 13
metadata pid: 31436
cwd: C:\Users\USER\OneDrive\Docs\KV_DW_JL_5\ML_deployments\serve_and_deploy_via_REST_API\die_casting_api
allow: C:\Users\USER\OneDrive\Docs\KV_DW_JL_5\ML_deployments\serve_and_deploy_via_REST_API\die_casting_api\.tox\test_app\Scripts\*
cmd: pip install -r test_requirements.txt
exit_code: 0
Looking in indexes: https://pypi.org/simple, https://fzmoh5Kz7hU12USMdh77:****@pypi.fury.io/archi68/
Processing c:\users\user\onedrive\docs\kv_dw_jl_5\ml_deployments\serve_and_deploy_via_rest_api\die_casting_api\local_wheels\die_casting_classification_model-0.0.2-py3-none-any.whl (from -r requirements.txt (line 8))
Collecting uvicorn<0.30.0,>=0.20.0 (from -r requirements.txt (line 1))
  Downloading uvicorn-0.29.0-py3-none-any.whl.metadata (6.3 kB)
Collecting pandas==2.0.2 (from -r requirements.txt (line 2))
  Downloading pandas-2.0.2-cp311-cp311-win_amd64.whl.metadata (18 kB)
Collecting fastapi<1.0.0,>=0.88.0 (from -r requirements.txt (line 3))
  Downloading fastapi-0.112.1-py3-none-any.whl.metadata (27 kB)
Collecting python-multipart<0.1.0,>=0.0.5 (from -r requirements.txt (line 4))
  Downloading python_multipart-0.0.9-py3-none-any.whl.metadata (2.5 kB)
Collecting pydantic<1.12.0,>=1.10.4 (from -r requirements.txt (line 5))
  Downloading pydantic-1.10.17-cp311-cp311-win_amd64.whl.metadata (153 kB)
     ---------------------------------------- 153.0/153.0 kB 8.9 MB/s eta 0:00:00
Collecting typing_extensions<5.0.0,>=4.2.0 (from -r requirements.txt (line 6))
  Downloading typing_extensions-4.12.2-py3-none-any.whl.metadata (3.0 kB)
Collecting loguru<1.0.0,>=0.5.3 (from -r requirements.txt (line 7))
  Downloading loguru-0.7.2-py3-none-any.whl.metadata (23 kB)
Collecting pytest<8.0.0,>=7.2.0 (from -r test_requirements.txt (line 3))
  Downloading pytest-7.4.4-py3-none-any.whl.metadata (7.9 kB)
Collecting requests<2.50.0,>=2.28.0 (from -r test_requirements.txt (line 4))
  Downloading requests-2.32.3-py3-none-any.whl.metadata (4.6 kB)
Collecting httpx<0.50.0,>=0.23.2 (from -r test_requirements.txt (line 5))
  Downloading httpx-0.27.0-py3-none-any.whl.metadata (7.2 kB)
Collecting python-dateutil>=2.8.2 (from pandas==2.0.2->-r requirements.txt (line 2))
  Downloading python_dateutil-2.9.0.post0-py2.py3-none-any.whl.metadata (8.4 kB)
Collecting pytz>=2020.1 (from pandas==2.0.2->-r requirements.txt (line 2))
  Downloading pytz-2024.1-py2.py3-none-any.whl.metadata (22 kB)
Collecting tzdata>=2022.1 (from pandas==2.0.2->-r requirements.txt (line 2))
  Downloading tzdata-2024.1-py2.py3-none-any.whl.metadata (1.4 kB)
Collecting numpy>=1.21.0 (from pandas==2.0.2->-r requirements.txt (line 2))
  Downloading numpy-2.0.1-cp311-cp311-win_amd64.whl.metadata (60 kB)
     ---------------------------------------- 60.9/60.9 kB ? eta 0:00:00
Collecting click>=7.0 (from uvicorn<0.30.0,>=0.20.0->-r requirements.txt (line 1))
  Downloading click-8.1.7-py3-none-any.whl.metadata (3.0 kB)
Collecting h11>=0.8 (from uvicorn<0.30.0,>=0.20.0->-r requirements.txt (line 1))
  Downloading h11-0.14.0-py3-none-any.whl.metadata (8.2 kB)
Collecting starlette<0.39.0,>=0.37.2 (from fastapi<1.0.0,>=0.88.0->-r requirements.txt (line 3))
  Downloading starlette-0.38.2-py3-none-any.whl.metadata (5.9 kB)
Collecting colorama>=0.3.4 (from loguru<1.0.0,>=0.5.3->-r requirements.txt (line 7))
  Downloading colorama-0.4.6-py2.py3-none-any.whl.metadata (17 kB)
Collecting win32-setctime>=1.0.0 (from loguru<1.0.0,>=0.5.3->-r requirements.txt (line 7))
  Downloading win32_setctime-1.1.0-py3-none-any.whl.metadata (2.3 kB)
Collecting numpy>=1.21.0 (from pandas==2.0.2->-r requirements.txt (line 2))
  Downloading numpy-1.24.3-cp311-cp311-win_amd64.whl.metadata (5.6 kB)
Collecting pydantic<1.12.0,>=1.10.4 (from -r requirements.txt (line 5))
  Downloading pydantic-1.10.8-cp311-cp311-win_amd64.whl.metadata (147 kB)
     ---------------------------------------- 147.7/147.7 kB ? eta 0:00:00
Collecting scikit-learn==1.2.2 (from die-casting-classification-model==0.0.2->-r requirements.txt (line 8))
  Downloading scikit_learn-1.2.2-cp311-cp311-win_amd64.whl.metadata (11 kB)
Collecting strictyaml==1.7.3 (from die-casting-classification-model==0.0.2->-r requirements.txt (line 8))
  Downloading strictyaml-1.7.3-py3-none-any.whl.metadata (11 kB)
Collecting ruamel.yaml==0.17.28 (from die-casting-classification-model==0.0.2->-r requirements.txt (line 8))
  Downloading ruamel.yaml-0.17.28-py3-none-any.whl.metadata (16 kB)
Collecting feature-engine==1.6.0 (from die-casting-classification-model==0.0.2->-r requirements.txt (line 8))
  Downloading feature_engine-1.6.0-py2.py3-none-any.whl.metadata (8.7 kB)
Collecting joblib==1.2.0 (from die-casting-classification-model==0.0.2->-r requirements.txt (line 8))
  Downloading joblib-1.2.0-py3-none-any.whl.metadata (5.3 kB)
Collecting catboost (from die-casting-classification-model==0.0.2->-r requirements.txt (line 8))
  Downloading catboost-1.2.5-cp311-cp311-win_amd64.whl.metadata (1.2 kB)
Collecting scipy>=1.4.1 (from feature-engine==1.6.0->die-casting-classification-model==0.0.2->-r requirements.txt (line 8))
  Downloading scipy-1.14.0-cp311-cp311-win_amd64.whl.metadata (60 kB)
     ---------------------------------------- 60.8/60.8 kB 3.4 MB/s eta 0:00:00
Collecting statsmodels>=0.11.1 (from feature-engine==1.6.0->die-casting-classification-model==0.0.2->-r requirements.txt (line 8))
  Downloading statsmodels-0.14.2-cp311-cp311-win_amd64.whl.metadata (9.5 kB)
Collecting ruamel.yaml.clib>=0.2.7 (from ruamel.yaml==0.17.28->die-casting-classification-model==0.0.2->-r requirements.txt (line 8))
  Downloading ruamel.yaml.clib-0.2.8-cp311-cp311-win_amd64.whl.metadata (2.3 kB)
Collecting threadpoolctl>=2.0.0 (from scikit-learn==1.2.2->die-casting-classification-model==0.0.2->-r requirements.txt (line 8))
  Downloading threadpoolctl-3.5.0-py3-none-any.whl.metadata (13 kB)
Collecting iniconfig (from pytest<8.0.0,>=7.2.0->-r test_requirements.txt (line 3))
  Downloading iniconfig-2.0.0-py3-none-any.whl.metadata (2.6 kB)
Collecting packaging (from pytest<8.0.0,>=7.2.0->-r test_requirements.txt (line 3))
  Downloading packaging-24.1-py3-none-any.whl.metadata (3.2 kB)
Collecting pluggy<2.0,>=0.12 (from pytest<8.0.0,>=7.2.0->-r test_requirements.txt (line 3))
  Downloading pluggy-1.5.0-py3-none-any.whl.metadata (4.8 kB)
Collecting charset-normalizer<4,>=2 (from requests<2.50.0,>=2.28.0->-r test_requirements.txt (line 4))
  Downloading charset_normalizer-3.3.2-cp311-cp311-win_amd64.whl.metadata (34 kB)
Collecting idna<4,>=2.5 (from requests<2.50.0,>=2.28.0->-r test_requirements.txt (line 4))
  Downloading idna-3.7-py3-none-any.whl.metadata (9.9 kB)
Collecting urllib3<3,>=1.21.1 (from requests<2.50.0,>=2.28.0->-r test_requirements.txt (line 4))
  Downloading urllib3-2.2.2-py3-none-any.whl.metadata (6.4 kB)
Collecting certifi>=2017.4.17 (from requests<2.50.0,>=2.28.0->-r test_requirements.txt (line 4))
  Downloading certifi-2024.7.4-py3-none-any.whl.metadata (2.2 kB)
Collecting anyio (from httpx<0.50.0,>=0.23.2->-r test_requirements.txt (line 5))
  Downloading anyio-4.4.0-py3-none-any.whl.metadata (4.6 kB)
Collecting httpcore==1.* (from httpx<0.50.0,>=0.23.2->-r test_requirements.txt (line 5))
  Downloading httpcore-1.0.5-py3-none-any.whl.metadata (20 kB)
Collecting sniffio (from httpx<0.50.0,>=0.23.2->-r test_requirements.txt (line 5))
  Downloading sniffio-1.3.1-py3-none-any.whl.metadata (3.9 kB)
Collecting six>=1.5 (from python-dateutil>=2.8.2->pandas==2.0.2->-r requirements.txt (line 2))
  Downloading six-1.16.0-py2.py3-none-any.whl.metadata (1.8 kB)
Collecting graphviz (from catboost->die-casting-classification-model==0.0.2->-r requirements.txt (line 8))
  Downloading graphviz-0.20.3-py3-none-any.whl.metadata (12 kB)
Collecting matplotlib (from catboost->die-casting-classification-model==0.0.2->-r requirements.txt (line 8))
  Downloading matplotlib-3.9.2-cp311-cp311-win_amd64.whl.metadata (11 kB)
Collecting plotly (from catboost->die-casting-classification-model==0.0.2->-r requirements.txt (line 8))
  Downloading plotly-5.23.0-py3-none-any.whl.metadata (7.3 kB)
Collecting patsy>=0.5.6 (from statsmodels>=0.11.1->feature-engine==1.6.0->die-casting-classification-model==0.0.2->-r requirements.txt (line 8))
  Downloading patsy-0.5.6-py2.py3-none-any.whl.metadata (3.5 kB)
Collecting contourpy>=1.0.1 (from matplotlib->catboost->die-casting-classification-model==0.0.2->-r requirements.txt (line 8))
  Downloading contourpy-1.2.1-cp311-cp311-win_amd64.whl.metadata (5.8 kB)
Collecting cycler>=0.10 (from matplotlib->catboost->die-casting-classification-model==0.0.2->-r requirements.txt (line 8))
  Downloading cycler-0.12.1-py3-none-any.whl.metadata (3.8 kB)
Collecting fonttools>=4.22.0 (from matplotlib->catboost->die-casting-classification-model==0.0.2->-r requirements.txt (line 8))
  Downloading fonttools-4.53.1-cp311-cp311-win_amd64.whl.metadata (165 kB)
     ---------------------------------------- 165.9/165.9 kB 9.7 MB/s eta 0:00:00
Collecting kiwisolver>=1.3.1 (from matplotlib->catboost->die-casting-classification-model==0.0.2->-r requirements.txt (line 8))
  Downloading kiwisolver-1.4.5-cp311-cp311-win_amd64.whl.metadata (6.5 kB)
Collecting pillow>=8 (from matplotlib->catboost->die-casting-classification-model==0.0.2->-r requirements.txt (line 8))
  Downloading pillow-10.4.0-cp311-cp311-win_amd64.whl.metadata (9.3 kB)
Collecting pyparsing>=2.3.1 (from matplotlib->catboost->die-casting-classification-model==0.0.2->-r requirements.txt (line 8))
  Downloading pyparsing-3.1.2-py3-none-any.whl.metadata (5.1 kB)
Collecting tenacity>=6.2.0 (from plotly->catboost->die-casting-classification-model==0.0.2->-r requirements.txt (line 8))
  Downloading tenacity-9.0.0-py3-none-any.whl.metadata (1.2 kB)
Downloading pandas-2.0.2-cp311-cp311-win_amd64.whl (10.6 MB)
   ---------------------------------------- 10.6/10.6 MB 9.9 MB/s eta 0:00:00
Downloading uvicorn-0.29.0-py3-none-any.whl (60 kB)
   ---------------------------------------- 60.8/60.8 kB 3.2 MB/s eta 0:00:00
Downloading fastapi-0.112.1-py3-none-any.whl (93 kB)
   ---------------------------------------- 93.2/93.2 kB ? eta 0:00:00
Downloading python_multipart-0.0.9-py3-none-any.whl (22 kB)
Downloading typing_extensions-4.12.2-py3-none-any.whl (37 kB)
Downloading loguru-0.7.2-py3-none-any.whl (62 kB)
   ---------------------------------------- 62.5/62.5 kB ? eta 0:00:00
Downloading pydantic-1.10.8-cp311-cp311-win_amd64.whl (2.1 MB)
   ---------------------------------------- 2.1/2.1 MB 10.3 MB/s eta 0:00:00
Downloading feature_engine-1.6.0-py2.py3-none-any.whl (319 kB)
   ---------------------------------------- 319.4/319.4 kB 19.3 MB/s eta 0:00:00
Downloading joblib-1.2.0-py3-none-any.whl (297 kB)
   ---------------------------------------- 298.0/298.0 kB 18.0 MB/s eta 0:00:00
Downloading numpy-1.24.3-cp311-cp311-win_amd64.whl (14.8 MB)
   ---------------------------------------- 14.8/14.8 MB 10.1 MB/s eta 0:00:00
Downloading ruamel.yaml-0.17.28-py3-none-any.whl (109 kB)
   ---------------------------------------- 109.6/109.6 kB ? eta 0:00:00
Downloading scikit_learn-1.2.2-cp311-cp311-win_amd64.whl (8.3 MB)
   ---------------------------------------- 8.3/8.3 MB 10.2 MB/s eta 0:00:00
Downloading strictyaml-1.7.3-py3-none-any.whl (123 kB)
   ---------------------------------------- 123.9/123.9 kB ? eta 0:00:00
Downloading pytest-7.4.4-py3-none-any.whl (325 kB)
   ---------------------------------------- 325.3/325.3 kB 10.2 MB/s eta 0:00:00
Downloading requests-2.32.3-py3-none-any.whl (64 kB)
   ---------------------------------------- 64.9/64.9 kB 3.6 MB/s eta 0:00:00
Downloading httpx-0.27.0-py3-none-any.whl (75 kB)
   ---------------------------------------- 75.6/75.6 kB ? eta 0:00:00
Downloading httpcore-1.0.5-py3-none-any.whl (77 kB)
   ---------------------------------------- 77.9/77.9 kB ? eta 0:00:00
Downloading certifi-2024.7.4-py3-none-any.whl (162 kB)
   ---------------------------------------- 163.0/163.0 kB ? eta 0:00:00
Downloading charset_normalizer-3.3.2-cp311-cp311-win_amd64.whl (99 kB)
   ---------------------------------------- 99.9/99.9 kB 5.6 MB/s eta 0:00:00
Downloading click-8.1.7-py3-none-any.whl (97 kB)
   ---------------------------------------- 97.9/97.9 kB ? eta 0:00:00
Downloading colorama-0.4.6-py2.py3-none-any.whl (25 kB)
Downloading h11-0.14.0-py3-none-any.whl (58 kB)
   ---------------------------------------- 58.3/58.3 kB ? eta 0:00:00
Downloading idna-3.7-py3-none-any.whl (66 kB)
   ---------------------------------------- 66.8/66.8 kB 3.5 MB/s eta 0:00:00
Downloading pluggy-1.5.0-py3-none-any.whl (20 kB)
Downloading python_dateutil-2.9.0.post0-py2.py3-none-any.whl (229 kB)
   ---------------------------------------- 229.9/229.9 kB 7.1 MB/s eta 0:00:00
Downloading pytz-2024.1-py2.py3-none-any.whl (505 kB)
   ---------------------------------------- 505.5/505.5 kB 10.8 MB/s eta 0:00:00
Downloading starlette-0.38.2-py3-none-any.whl (72 kB)
   ---------------------------------------- 72.0/72.0 kB ? eta 0:00:00
Downloading anyio-4.4.0-py3-none-any.whl (86 kB)
   ---------------------------------------- 86.8/86.8 kB ? eta 0:00:00
Downloading sniffio-1.3.1-py3-none-any.whl (10 kB)
Downloading tzdata-2024.1-py2.py3-none-any.whl (345 kB)
   ---------------------------------------- 345.4/345.4 kB 10.8 MB/s eta 0:00:00
Downloading urllib3-2.2.2-py3-none-any.whl (121 kB)
   ---------------------------------------- 121.4/121.4 kB 7.4 MB/s eta 0:00:00
Downloading win32_setctime-1.1.0-py3-none-any.whl (3.6 kB)
Downloading catboost-1.2.5-cp311-cp311-win_amd64.whl (101.1 MB)
   ---------------------------------------- 101.1/101.1 MB 10.2 MB/s eta 0:00:00
Downloading iniconfig-2.0.0-py3-none-any.whl (5.9 kB)
Downloading packaging-24.1-py3-none-any.whl (53 kB)
   ---------------------------------------- 54.0/54.0 kB ? eta 0:00:00
Downloading ruamel.yaml.clib-0.2.8-cp311-cp311-win_amd64.whl (118 kB)
   ---------------------------------------- 118.0/118.0 kB ? eta 0:00:00
Downloading scipy-1.14.0-cp311-cp311-win_amd64.whl (44.7 MB)
   ---------------------------------------- 44.7/44.7 MB 10.1 MB/s eta 0:00:00
Downloading six-1.16.0-py2.py3-none-any.whl (11 kB)
Downloading statsmodels-0.14.2-cp311-cp311-win_amd64.whl (9.9 MB)
   ---------------------------------------- 9.9/9.9 MB 9.3 MB/s eta 0:00:00
Downloading threadpoolctl-3.5.0-py3-none-any.whl (18 kB)
Downloading graphviz-0.20.3-py3-none-any.whl (47 kB)
   ---------------------------------------- 47.1/47.1 kB ? eta 0:00:00
Downloading matplotlib-3.9.2-cp311-cp311-win_amd64.whl (7.8 MB)
   ---------------------------------------- 7.8/7.8 MB 10.0 MB/s eta 0:00:00
Downloading plotly-5.23.0-py3-none-any.whl (17.3 MB)
   ---------------------------------------- 17.3/17.3 MB 10.1 MB/s eta 0:00:00
Downloading contourpy-1.2.1-cp311-cp311-win_amd64.whl (188 kB)
   ---------------------------------------- 188.2/188.2 kB 11.1 MB/s eta 0:00:00
Downloading cycler-0.12.1-py3-none-any.whl (8.3 kB)
Downloading fonttools-4.53.1-cp311-cp311-win_amd64.whl (2.2 MB)
   ---------------------------------------- 2.2/2.2 MB 10.0 MB/s eta 0:00:00
Downloading kiwisolver-1.4.5-cp311-cp311-win_amd64.whl (56 kB)
   ---------------------------------------- 56.1/56.1 kB ? eta 0:00:00
Downloading patsy-0.5.6-py2.py3-none-any.whl (233 kB)
   ---------------------------------------- 233.9/233.9 kB 14.0 MB/s eta 0:00:00
Downloading pillow-10.4.0-cp311-cp311-win_amd64.whl (2.6 MB)
   ---------------------------------------- 2.6/2.6 MB 10.2 MB/s eta 0:00:00
Downloading pyparsing-3.1.2-py3-none-any.whl (103 kB)
   ---------------------------------------- 103.2/103.2 kB 6.2 MB/s eta 0:00:00
Downloading tenacity-9.0.0-py3-none-any.whl (28 kB)
Installing collected packages: pytz, win32-setctime, urllib3, tzdata, typing_extensions, threadpoolctl, tenacity, sniffio, six, ruamel.yaml.clib, python-multipart, pyparsing, pluggy, pillow, packaging, numpy, kiwisolver, joblib, iniconfig, idna, h11, graphviz, fonttools, cycler, colorama, charset-normalizer, certifi, scipy, ruamel.yaml, requests, python-dateutil, pytest, pydantic, plotly, patsy, loguru, httpcore, contourpy, click, anyio, uvicorn, strictyaml, starlette, scikit-learn, pandas, matplotlib, httpx, statsmodels, fastapi, catboost, feature-engine, die-casting-classification-model
Successfully installed anyio-4.4.0 catboost-1.2.5 certifi-2024.7.4 charset-normalizer-3.3.2 click-8.1.7 colorama-0.4.6 contourpy-1.2.1 cycler-0.12.1 die-casting-classification-model-0.0.2 fastapi-0.112.1 feature-engine-1.6.0 fonttools-4.53.1 graphviz-0.20.3 h11-0.14.0 httpcore-1.0.5 httpx-0.27.0 idna-3.7 iniconfig-2.0.0 joblib-1.2.0 kiwisolver-1.4.5 loguru-0.7.2 matplotlib-3.9.2 numpy-1.24.3 packaging-24.1 pandas-2.0.2 patsy-0.5.6 pillow-10.4.0 plotly-5.23.0 pluggy-1.5.0 pydantic-1.10.8 pyparsing-3.1.2 pytest-7.4.4 python-dateutil-2.9.0.post0 python-multipart-0.0.9 pytz-2024.1 requests-2.32.3 ruamel.yaml-0.17.28 ruamel.yaml.clib-0.2.8 scikit-learn-1.2.2 scipy-1.14.0 six-1.16.0 sniffio-1.3.1 starlette-0.38.2 statsmodels-0.14.2 strictyaml-1.7.3 tenacity-9.0.0 threadpoolctl-3.5.0 typing_extensions-4.12.2 tzdata-2024.1 urllib3-2.2.2 uvicorn-0.29.0 win32-setctime-1.1.0
