name: run1
run_id: install_deps
env COMSPEC: C:\WINDOWS\system32\cmd.exe
env NUMBER_OF_PROCESSORS: 12
env PATHEXT: .COM;.EXE;.BAT;.CMD;.VBS;.VBE;.JS;.JSE;.WSF;.WSH;.MSC;.PY;.PYW
env PROCESSOR_ARCHITECTURE: AMD64
env PROGRAMDATA: C:\ProgramData
env PROGRAMFILES: C:\Program Files
env PROGRAMFILES(X86): C:\Program Files (x86)
env SYSTEMDRIVE: C:
env SYSTEMROOT: C:\WINDOWS
env TEMP: C:\Users\Irek9\AppData\Local\Temp
env TMP: C:\Users\Irek9\AppData\Local\Temp
env USERPROFILE: C:\Users\Irek9
env PATH: C:\Users\Irek9\OneDrive\Документы\KV_DW_JL_5\ML_deployments\serve_and_deploy_via_REST_API\houseprice_api\.tox\test_app\Scripts;C:\Users\Irek9\anaconda3\envs\KV-DW-JL-5\envs\ml_deployment;C:\Users\Irek9\anaconda3\envs\KV-DW-JL-5\envs\ml_deployment\Library\mingw-w64\bin;C:\Users\Irek9\anaconda3\envs\KV-DW-JL-5\envs\ml_deployment\Library\usr\bin;C:\Users\Irek9\anaconda3\envs\KV-DW-JL-5\envs\ml_deployment\Library\bin;C:\Users\Irek9\anaconda3\envs\KV-DW-JL-5\envs\ml_deployment\Scripts;C:\Users\Irek9\anaconda3\envs\KV-DW-JL-5\envs\ml_deployment\bin;C:\Users\Irek9\anaconda3\condabin;C:\Python311\Scripts;C:\Python311;C:\WINDOWS\system32;C:\WINDOWS;C:\WINDOWS\System32\Wbem;C:\WINDOWS\System32\WindowsPowerShell\v1.0;C:\WINDOWS\System32\OpenSSH;"C:\Users\Irek9\anaconda3;C:\Users\Irek9\anaconda3\Library\mingw-w64\bin;C:\Users\Irek9\anaconda3\Library\usr\bin;C:\Users\Irek9\anaconda3\Library\bin;C:\Users\Irek9\anaconda3\Scripts;";C:\ProgramData\chocolatey\bin;C:\Program Files\nodejs;C:\Program Files\Git\cmd;C:\Program Files\Docker\Docker\resources\bin;C:\Users\Irek9\scoop\shims;C:\Users\Irek9\AppData\Local\Microsoft\WindowsApps;"C:\WINDOWS\system32;C:\Program Files\JetBrains\PyCharm Community Edition 2023.2\bin;C:\Users\Irek9\AppData\Roaming\npm;C:\Users\Irek9\AppData\Local\GitHubDesktop\bin
env PYTHONHASHSEED: 567
env PIP_DISABLE_PIP_VERSION_CHECK: 1
env PYTHONIOENCODING: utf-8
env PYTHONPATH: .
env TOX_ENV_NAME: run1
env TOX_WORK_DIR: C:\Users\Irek9\OneDrive\Документы\KV_DW_JL_5\ML_deployments\serve_and_deploy_via_REST_API\houseprice_api\.tox
env TOX_ENV_DIR: C:\Users\Irek9\OneDrive\Документы\KV_DW_JL_5\ML_deployments\serve_and_deploy_via_REST_API\houseprice_api\.tox\test_app
env VIRTUAL_ENV: C:\Users\Irek9\OneDrive\Документы\KV_DW_JL_5\ML_deployments\serve_and_deploy_via_REST_API\houseprice_api\.tox\test_app
env COLUMNS: 120
env LINES: 30
metadata pid: 11204
cwd: C:\Users\Irek9\OneDrive\Документы\KV_DW_JL_5\ML_deployments\serve_and_deploy_via_REST_API\houseprice_api
allow: C:\Users\Irek9\OneDrive\Документы\KV_DW_JL_5\ML_deployments\serve_and_deploy_via_REST_API\houseprice_api\.tox\test_app\Scripts\*
cmd: pip install -r test_requirements.txt
exit_code: 0
Processing c:\users\irek9\onedrive\документы\kv_dw_jl_5\ml_deployments\serve_and_deploy_via_rest_api\houseprice_api\local_wheels\vve_regression_model-0.0.1-py3-none-any.whl (from -r requirements.txt (line 8))
Collecting uvicorn<0.30.0,>=0.20.0 (from -r requirements.txt (line 1))
  Obtaining dependency information for uvicorn<0.30.0,>=0.20.0 from https://files.pythonhosted.org/packages/79/96/b0882a1c3f7ef3dd86879e041212ae5b62b4bd352320889231cc735a8e8f/uvicorn-0.23.2-py3-none-any.whl.metadata
  Using cached uvicorn-0.23.2-py3-none-any.whl.metadata (6.2 kB)
Collecting pandas==2.0.2 (from -r requirements.txt (line 2))
  Obtaining dependency information for pandas==2.0.2 from https://files.pythonhosted.org/packages/ee/fd/a3b5f229e5098e18cb058549f9c2842f407023adb47aa6b22b44b15988c6/pandas-2.0.2-cp311-cp311-win_amd64.whl.metadata
  Using cached pandas-2.0.2-cp311-cp311-win_amd64.whl.metadata (18 kB)
Collecting fastapi<1.0.0,>=0.88.0 (from -r requirements.txt (line 3))
  Obtaining dependency information for fastapi<1.0.0,>=0.88.0 from https://files.pythonhosted.org/packages/4d/d2/3ad038a2365fefbac19d9a046cab7ce45f4c7bfa81d877cbece9707de9ce/fastapi-0.103.2-py3-none-any.whl.metadata
  Using cached fastapi-0.103.2-py3-none-any.whl.metadata (24 kB)
Collecting python-multipart<0.1.0,>=0.0.5 (from -r requirements.txt (line 4))
  Using cached python_multipart-0.0.6-py3-none-any.whl (45 kB)
Collecting pydantic<1.12.0,>=1.10.4 (from -r requirements.txt (line 5))
  Obtaining dependency information for pydantic<1.12.0,>=1.10.4 from https://files.pythonhosted.org/packages/9c/2b/20029a5c58943c0dd19bbf1fda77e820101b63a26237b060217821a3daa3/pydantic-1.10.13-cp311-cp311-win_amd64.whl.metadata
  Using cached pydantic-1.10.13-cp311-cp311-win_amd64.whl.metadata (150 kB)
Collecting typing_extensions<5.0.0,>=4.2.0 (from -r requirements.txt (line 6))
  Obtaining dependency information for typing_extensions<5.0.0,>=4.2.0 from https://files.pythonhosted.org/packages/24/21/7d397a4b7934ff4028987914ac1044d3b7d52712f30e2ac7a2ae5bc86dd0/typing_extensions-4.8.0-py3-none-any.whl.metadata
  Using cached typing_extensions-4.8.0-py3-none-any.whl.metadata (3.0 kB)
Collecting loguru<1.0.0,>=0.5.3 (from -r requirements.txt (line 7))
  Obtaining dependency information for loguru<1.0.0,>=0.5.3 from https://files.pythonhosted.org/packages/03/0a/4f6fed21aa246c6b49b561ca55facacc2a44b87d65b8b92362a8e99ba202/loguru-0.7.2-py3-none-any.whl.metadata
  Using cached loguru-0.7.2-py3-none-any.whl.metadata (23 kB)
Collecting pytest<8.0.0,>=7.2.0 (from -r test_requirements.txt (line 3))
  Obtaining dependency information for pytest<8.0.0,>=7.2.0 from https://files.pythonhosted.org/packages/df/d0/e192c4275aecabf74faa1aacd75ef700091913236ec78b1a98f62a2412ee/pytest-7.4.2-py3-none-any.whl.metadata
  Using cached pytest-7.4.2-py3-none-any.whl.metadata (7.9 kB)
Collecting requests<2.50.0,>=2.28.0 (from -r test_requirements.txt (line 4))
  Obtaining dependency information for requests<2.50.0,>=2.28.0 from https://files.pythonhosted.org/packages/70/8e/0e2d847013cb52cd35b38c009bb167a1a26b2ce6cd6965bf26b47bc0bf44/requests-2.31.0-py3-none-any.whl.metadata
  Using cached requests-2.31.0-py3-none-any.whl.metadata (4.6 kB)
Collecting httpx<0.50.0,>=0.23.2 (from -r test_requirements.txt (line 5))
  Obtaining dependency information for httpx<0.50.0,>=0.23.2 from https://files.pythonhosted.org/packages/33/0d/d9ce469af019741c8999711d36b270ff992ceb1a0293f73f9f34fdf131e9/httpx-0.25.0-py3-none-any.whl.metadata
  Using cached httpx-0.25.0-py3-none-any.whl.metadata (7.6 kB)
Collecting python-dateutil>=2.8.2 (from pandas==2.0.2->-r requirements.txt (line 2))
  Using cached python_dateutil-2.8.2-py2.py3-none-any.whl (247 kB)
Collecting pytz>=2020.1 (from pandas==2.0.2->-r requirements.txt (line 2))
  Obtaining dependency information for pytz>=2020.1 from https://files.pythonhosted.org/packages/32/4d/aaf7eff5deb402fd9a24a1449a8119f00d74ae9c2efa79f8ef9994261fc2/pytz-2023.3.post1-py2.py3-none-any.whl.metadata
  Using cached pytz-2023.3.post1-py2.py3-none-any.whl.metadata (22 kB)
Collecting tzdata>=2022.1 (from pandas==2.0.2->-r requirements.txt (line 2))
  Using cached tzdata-2023.3-py2.py3-none-any.whl (341 kB)
Collecting numpy>=1.21.0 (from pandas==2.0.2->-r requirements.txt (line 2))
  Obtaining dependency information for numpy>=1.21.0 from https://files.pythonhosted.org/packages/82/0f/3f712cd84371636c5375d2dd70e7514d264cec6bdfc3d7997a4236e9f948/numpy-1.26.1-cp311-cp311-win_amd64.whl.metadata
  Using cached numpy-1.26.1-cp311-cp311-win_amd64.whl.metadata (61 kB)
Collecting click>=7.0 (from uvicorn<0.30.0,>=0.20.0->-r requirements.txt (line 1))
  Obtaining dependency information for click>=7.0 from https://files.pythonhosted.org/packages/00/2e/d53fa4befbf2cfa713304affc7ca780ce4fc1fd8710527771b58311a3229/click-8.1.7-py3-none-any.whl.metadata
  Using cached click-8.1.7-py3-none-any.whl.metadata (3.0 kB)
Collecting h11>=0.8 (from uvicorn<0.30.0,>=0.20.0->-r requirements.txt (line 1))
  Using cached h11-0.14.0-py3-none-any.whl (58 kB)
Collecting anyio<4.0.0,>=3.7.1 (from fastapi<1.0.0,>=0.88.0->-r requirements.txt (line 3))
  Obtaining dependency information for anyio<4.0.0,>=3.7.1 from https://files.pythonhosted.org/packages/19/24/44299477fe7dcc9cb58d0a57d5a7588d6af2ff403fdd2d47a246c91a3246/anyio-3.7.1-py3-none-any.whl.metadata
  Using cached anyio-3.7.1-py3-none-any.whl.metadata (4.7 kB)
Collecting starlette<0.28.0,>=0.27.0 (from fastapi<1.0.0,>=0.88.0->-r requirements.txt (line 3))
  Obtaining dependency information for starlette<0.28.0,>=0.27.0 from https://files.pythonhosted.org/packages/58/f8/e2cca22387965584a409795913b774235752be4176d276714e15e1a58884/starlette-0.27.0-py3-none-any.whl.metadata
  Using cached starlette-0.27.0-py3-none-any.whl.metadata (5.8 kB)
Collecting colorama>=0.3.4 (from loguru<1.0.0,>=0.5.3->-r requirements.txt (line 7))
  Using cached colorama-0.4.6-py2.py3-none-any.whl (25 kB)
Collecting win32-setctime>=1.0.0 (from loguru<1.0.0,>=0.5.3->-r requirements.txt (line 7))
  Using cached win32_setctime-1.1.0-py3-none-any.whl (3.6 kB)
Collecting numpy>=1.21.0 (from pandas==2.0.2->-r requirements.txt (line 2))
  Using cached numpy-1.24.3-cp311-cp311-win_amd64.whl (14.8 MB)
Collecting pydantic<1.12.0,>=1.10.4 (from -r requirements.txt (line 5))
  Obtaining dependency information for pydantic<1.12.0,>=1.10.4 from https://files.pythonhosted.org/packages/a7/27/80672dfb14e47293cca421580141ec923a1e5fe7283f775079e006b0be28/pydantic-1.10.8-cp311-cp311-win_amd64.whl.metadata
  Using cached pydantic-1.10.8-cp311-cp311-win_amd64.whl.metadata (147 kB)
Collecting scikit-learn==1.2.2 (from vve-regression-model==0.0.1->-r requirements.txt (line 8))
  Using cached scikit_learn-1.2.2-cp311-cp311-win_amd64.whl (8.3 MB)
Collecting strictyaml==1.7.3 (from vve-regression-model==0.0.1->-r requirements.txt (line 8))
  Using cached strictyaml-1.7.3-py3-none-any.whl (123 kB)
Collecting ruamel.yaml==0.17.28 (from vve-regression-model==0.0.1->-r requirements.txt (line 8))
  Obtaining dependency information for ruamel.yaml==0.17.28 from https://files.pythonhosted.org/packages/22/e8/3e4687ceedef0a650a9d33d3a0f87d5e2d1b9a5d50181b87f128fff53420/ruamel.yaml-0.17.28-py3-none-any.whl.metadata
  Using cached ruamel.yaml-0.17.28-py3-none-any.whl.metadata (16 kB)
Collecting feature-engine==1.6.0 (from vve-regression-model==0.0.1->-r requirements.txt (line 8))
  Using cached feature_engine-1.6.0-py2.py3-none-any.whl (319 kB)
Collecting joblib==1.2.0 (from vve-regression-model==0.0.1->-r requirements.txt (line 8))
  Using cached joblib-1.2.0-py3-none-any.whl (297 kB)
Collecting scipy>=1.4.1 (from feature-engine==1.6.0->vve-regression-model==0.0.1->-r requirements.txt (line 8))
  Obtaining dependency information for scipy>=1.4.1 from https://files.pythonhosted.org/packages/81/d7/d2537d51efb692d0c411e64267ba349e7668d40f5bc73cefe78ccd650dcd/scipy-1.11.3-cp311-cp311-win_amd64.whl.metadata
  Using cached scipy-1.11.3-cp311-cp311-win_amd64.whl.metadata (60 kB)
Collecting statsmodels>=0.11.1 (from feature-engine==1.6.0->vve-regression-model==0.0.1->-r requirements.txt (line 8))
  Using cached statsmodels-0.14.0-cp311-cp311-win_amd64.whl (9.2 MB)
Collecting ruamel.yaml.clib>=0.2.7 (from ruamel.yaml==0.17.28->vve-regression-model==0.0.1->-r requirements.txt (line 8))
  Obtaining dependency information for ruamel.yaml.clib>=0.2.7 from https://files.pythonhosted.org/packages/ec/54/d8a795997921d87224c65d44499ca595a833093fb215b133f920c1062956/ruamel.yaml.clib-0.2.8-cp311-cp311-win_amd64.whl.metadata
  Using cached ruamel.yaml.clib-0.2.8-cp311-cp311-win_amd64.whl.metadata (2.3 kB)
Collecting threadpoolctl>=2.0.0 (from scikit-learn==1.2.2->vve-regression-model==0.0.1->-r requirements.txt (line 8))
  Obtaining dependency information for threadpoolctl>=2.0.0 from https://files.pythonhosted.org/packages/81/12/fd4dea011af9d69e1cad05c75f3f7202cdcbeac9b712eea58ca779a72865/threadpoolctl-3.2.0-py3-none-any.whl.metadata
  Using cached threadpoolctl-3.2.0-py3-none-any.whl.metadata (10.0 kB)
Collecting iniconfig (from pytest<8.0.0,>=7.2.0->-r test_requirements.txt (line 3))
  Using cached iniconfig-2.0.0-py3-none-any.whl (5.9 kB)
Collecting packaging (from pytest<8.0.0,>=7.2.0->-r test_requirements.txt (line 3))
  Obtaining dependency information for packaging from https://files.pythonhosted.org/packages/ec/1a/610693ac4ee14fcdf2d9bf3c493370e4f2ef7ae2e19217d7a237ff42367d/packaging-23.2-py3-none-any.whl.metadata
  Using cached packaging-23.2-py3-none-any.whl.metadata (3.2 kB)
Collecting pluggy<2.0,>=0.12 (from pytest<8.0.0,>=7.2.0->-r test_requirements.txt (line 3))
  Obtaining dependency information for pluggy<2.0,>=0.12 from https://files.pythonhosted.org/packages/05/b8/42ed91898d4784546c5f06c60506400548db3f7a4b3fb441cba4e5c17952/pluggy-1.3.0-py3-none-any.whl.metadata
  Using cached pluggy-1.3.0-py3-none-any.whl.metadata (4.3 kB)
Collecting charset-normalizer<4,>=2 (from requests<2.50.0,>=2.28.0->-r test_requirements.txt (line 4))
  Obtaining dependency information for charset-normalizer<4,>=2 from https://files.pythonhosted.org/packages/92/5e/50028bbb269986d9bc30270cd46b47ea44a1ca0b3f8da3a8429680d37050/charset_normalizer-3.3.0-cp311-cp311-win_amd64.whl.metadata
  Using cached charset_normalizer-3.3.0-cp311-cp311-win_amd64.whl.metadata (33 kB)
Collecting idna<4,>=2.5 (from requests<2.50.0,>=2.28.0->-r test_requirements.txt (line 4))
  Using cached idna-3.4-py3-none-any.whl (61 kB)
Collecting urllib3<3,>=1.21.1 (from requests<2.50.0,>=2.28.0->-r test_requirements.txt (line 4))
  Obtaining dependency information for urllib3<3,>=1.21.1 from https://files.pythonhosted.org/packages/26/40/9957270221b6d3e9a3b92fdfba80dd5c9661ff45a664b47edd5d00f707f5/urllib3-2.0.6-py3-none-any.whl.metadata
  Using cached urllib3-2.0.6-py3-none-any.whl.metadata (6.6 kB)
Collecting certifi>=2017.4.17 (from requests<2.50.0,>=2.28.0->-r test_requirements.txt (line 4))
  Obtaining dependency information for certifi>=2017.4.17 from https://files.pythonhosted.org/packages/4c/dd/2234eab22353ffc7d94e8d13177aaa050113286e93e7b40eae01fbf7c3d9/certifi-2023.7.22-py3-none-any.whl.metadata
  Using cached certifi-2023.7.22-py3-none-any.whl.metadata (2.2 kB)
Collecting httpcore<0.19.0,>=0.18.0 (from httpx<0.50.0,>=0.23.2->-r test_requirements.txt (line 5))
  Obtaining dependency information for httpcore<0.19.0,>=0.18.0 from https://files.pythonhosted.org/packages/ac/97/724afbb7925339f6214bf1fdb5714d1a462690466832bf8fb3fd497649f1/httpcore-0.18.0-py3-none-any.whl.metadata
  Using cached httpcore-0.18.0-py3-none-any.whl.metadata (18 kB)
Collecting sniffio (from httpx<0.50.0,>=0.23.2->-r test_requirements.txt (line 5))
  Using cached sniffio-1.3.0-py3-none-any.whl (10 kB)
Collecting six>=1.5 (from python-dateutil>=2.8.2->pandas==2.0.2->-r requirements.txt (line 2))
  Using cached six-1.16.0-py2.py3-none-any.whl (11 kB)
Collecting patsy>=0.5.2 (from statsmodels>=0.11.1->feature-engine==1.6.0->vve-regression-model==0.0.1->-r requirements.txt (line 8))
  Using cached patsy-0.5.3-py2.py3-none-any.whl (233 kB)
Using cached pandas-2.0.2-cp311-cp311-win_amd64.whl (10.6 MB)
Using cached uvicorn-0.23.2-py3-none-any.whl (59 kB)
Using cached fastapi-0.103.2-py3-none-any.whl (66 kB)
Using cached typing_extensions-4.8.0-py3-none-any.whl (31 kB)
Using cached loguru-0.7.2-py3-none-any.whl (62 kB)
Using cached pydantic-1.10.8-cp311-cp311-win_amd64.whl (2.1 MB)
Using cached ruamel.yaml-0.17.28-py3-none-any.whl (109 kB)
Using cached pytest-7.4.2-py3-none-any.whl (324 kB)
Using cached requests-2.31.0-py3-none-any.whl (62 kB)
Using cached httpx-0.25.0-py3-none-any.whl (75 kB)
Using cached anyio-3.7.1-py3-none-any.whl (80 kB)
Using cached certifi-2023.7.22-py3-none-any.whl (158 kB)
Using cached charset_normalizer-3.3.0-cp311-cp311-win_amd64.whl (97 kB)
Using cached click-8.1.7-py3-none-any.whl (97 kB)
Using cached httpcore-0.18.0-py3-none-any.whl (76 kB)
Using cached pluggy-1.3.0-py3-none-any.whl (18 kB)
Using cached pytz-2023.3.post1-py2.py3-none-any.whl (502 kB)
Using cached starlette-0.27.0-py3-none-any.whl (66 kB)
Using cached urllib3-2.0.6-py3-none-any.whl (123 kB)
Using cached packaging-23.2-py3-none-any.whl (53 kB)
Using cached ruamel.yaml.clib-0.2.8-cp311-cp311-win_amd64.whl (118 kB)
Using cached scipy-1.11.3-cp311-cp311-win_amd64.whl (44.1 MB)
Using cached threadpoolctl-3.2.0-py3-none-any.whl (15 kB)
Installing collected packages: pytz, win32-setctime, urllib3, tzdata, typing_extensions, threadpoolctl, sniffio, six, ruamel.yaml.clib, python-multipart, pluggy, packaging, numpy, joblib, iniconfig, idna, h11, colorama, charset-normalizer, certifi, scipy, ruamel.yaml, requests, python-dateutil, pytest, pydantic, patsy, loguru, click, anyio, uvicorn, strictyaml, starlette, scikit-learn, pandas, httpcore, statsmodels, httpx, fastapi, feature-engine, vve-regression-model
Successfully installed anyio-3.7.1 certifi-2023.7.22 charset-normalizer-3.3.0 click-8.1.7 colorama-0.4.6 fastapi-0.103.2 feature-engine-1.6.0 h11-0.14.0 httpcore-0.18.0 httpx-0.25.0 idna-3.4 iniconfig-2.0.0 joblib-1.2.0 loguru-0.7.2 numpy-1.24.3 packaging-23.2 pandas-2.0.2 patsy-0.5.3 pluggy-1.3.0 pydantic-1.10.8 pytest-7.4.2 python-dateutil-2.8.2 python-multipart-0.0.6 pytz-2023.3.post1 requests-2.31.0 ruamel.yaml-0.17.28 ruamel.yaml.clib-0.2.8 scikit-learn-1.2.2 scipy-1.11.3 six-1.16.0 sniffio-1.3.0 starlette-0.27.0 statsmodels-0.14.0 strictyaml-1.7.3 threadpoolctl-3.2.0 typing_extensions-4.8.0 tzdata-2023.3 urllib3-2.0.6 uvicorn-0.23.2 vve-regression-model-0.0.1 win32-setctime-1.1.0
