name: train
run_id: commands[0]
env USERPROFILE: C:\Users\USER
env PIP_EXTRA_INDEX_URL: https://fzmoh5Kz7hU12USMdh77:@pypi.fury.io/archi68/
env SYSTEMROOT: C:\Windows
env PATHEXT: .COM;.EXE;.BAT;.CMD;.VBS;.VBE;.JS;.JSE;.WSF;.WSH;.MSC
env PROGRAMFILES(X86): C:\Program Files (x86)
env PROCESSOR_ARCHITECTURE: AMD64
env NUMBER_OF_PROCESSORS: 12
env COMSPEC: C:\Windows\system32\cmd.exe
env PROGRAMFILES: C:\Program Files
env TMP: C:\Users\USER\AppData\Local\Temp
env TEMP: C:\Users\USER\AppData\Local\Temp
env SYSTEMDRIVE: C:
env PROGRAMDATA: C:\ProgramData
env PATH: C:\Users\USER\OneDrive\Docs\KV_DW_JL_5\ML_deployments\die_casting\.tox\test_package\Scripts;C:\ProgramData\anaconda3\envs\ml_deployment;C:\ProgramData\anaconda3\envs\ml_deployment\Library\mingw-w64\bin;C:\ProgramData\anaconda3\envs\ml_deployment\Library\usr\bin;C:\ProgramData\anaconda3\envs\ml_deployment\Library\bin;C:\ProgramData\anaconda3\envs\ml_deployment\Scripts;C:\ProgramData\anaconda3\envs\ml_deployment\bin;C:\ProgramData\anaconda3\condabin;C:\Program Files\NVIDIA\CUDNN\v9.2\bin;C:\Program Files\NVIDIA GPU Computing Toolkit\CUDA\v12.5\bin;C:\Program Files\NVIDIA GPU Computing Toolkit\CUDA\v12.5\libnvvp;C:\Windows\system32;C:\Windows;C:\Windows\System32\Wbem;C:\Windows\System32\WindowsPowerShell\v1.0;C:\Windows\System32\OpenSSH;C:\Program Files (x86)\NVIDIA Corporation\PhysX\Common;C:\Program Files\NVIDIA Corporation\NVIDIA NvDLISR;C:\Program Files\Microsoft SQL Server\150\Tools\Binn;C:\Program Files\Microsoft SQL Server\Client SDK\ODBC\170\Tools\Binn;C:\Program Files\dotnet;C:\Program Files\NVIDIA Corporation\Nsight Compute 2024.2.1;C:\Program Files (x86)\Common Files\Acronis\SnapAPI;C:\Program Files\Git\cmd;C:\ProgramData\chocolatey\bin;C:\Program Files\Docker\Docker\resources\bin;C:\Program Files\Amazon\AWSCLI\bin;C:\Users\USER\scoop\shims;C:\Users\USER\AppData\Local\Microsoft\WindowsApps;C:\Users\USER\.dotnet\tools;C:\Program Files\JetBrains\PyCharm Community Edition 2024.1.4\bin;.;C:\Users\USER\AppData\Local\GitHubDesktop\bin
env PYTHONHASHSEED: 162
env PIP_DISABLE_PIP_VERSION_CHECK: 1
env PYTHONIOENCODING: utf-8
env PYTHONPATH: .
env TOX_ENV_NAME: train
env TOX_WORK_DIR: C:\Users\USER\OneDrive\Docs\KV_DW_JL_5\ML_deployments\die_casting\.tox
env TOX_ENV_DIR: C:\Users\USER\OneDrive\Docs\KV_DW_JL_5\ML_deployments\die_casting\.tox\test_package
env VIRTUAL_ENV: C:\Users\USER\OneDrive\Docs\KV_DW_JL_5\ML_deployments\die_casting\.tox\test_package
env COLUMNS: 232
env LINES: 14
metadata pid: 26748
cwd: C:\Users\USER\OneDrive\Docs\KV_DW_JL_5\ML_deployments\die_casting
allow: C:\Users\USER\OneDrive\Docs\KV_DW_JL_5\ML_deployments\die_casting\.tox\test_package\Scripts\*:train
cmd: python classification_model/train_pipeline.py
exit_code: 0
0:	learn: 0.5840460	total: 136ms	remaining: 24.9s
1:	learn: 0.4956170	total: 136ms	remaining: 12.5s
2:	learn: 0.4294380	total: 139ms	remaining: 8.46s
3:	learn: 0.3733947	total: 142ms	remaining: 6.45s
4:	learn: 0.3298292	total: 145ms	remaining: 5.24s
5:	learn: 0.2918412	total: 149ms	remaining: 4.43s
6:	learn: 0.2610202	total: 152ms	remaining: 3.86s
7:	learn: 0.2338575	total: 155ms	remaining: 3.42s
8:	learn: 0.2129802	total: 158ms	remaining: 3.1s
9:	learn: 0.1935158	total: 162ms	remaining: 2.83s
10:	learn: 0.1772319	total: 166ms	remaining: 2.62s
11:	learn: 0.1639394	total: 169ms	remaining: 2.44s
12:	learn: 0.1508337	total: 172ms	remaining: 2.28s
13:	learn: 0.1388895	total: 175ms	remaining: 2.14s
14:	learn: 0.1293103	total: 177ms	remaining: 2s
15:	learn: 0.1199200	total: 179ms	remaining: 1.89s
16:	learn: 0.1129802	total: 182ms	remaining: 1.8s
17:	learn: 0.1070031	total: 185ms	remaining: 1.72s
18:	learn: 0.1023448	total: 189ms	remaining: 1.65s
19:	learn: 0.0976992	total: 192ms	remaining: 1.58s
20:	learn: 0.0932936	total: 193ms	remaining: 1.51s
21:	learn: 0.0890679	total: 197ms	remaining: 1.46s
22:	learn: 0.0858604	total: 200ms	remaining: 1.41s
23:	learn: 0.0823132	total: 203ms	remaining: 1.36s
24:	learn: 0.0791488	total: 208ms	remaining: 1.33s
25:	learn: 0.0769450	total: 228ms	remaining: 1.39s
26:	learn: 0.0746549	total: 232ms	remaining: 1.35s
27:	learn: 0.0724313	total: 235ms	remaining: 1.32s
28:	learn: 0.0710808	total: 239ms	remaining: 1.28s
29:	learn: 0.0698001	total: 242ms	remaining: 1.25s
30:	learn: 0.0685664	total: 245ms	remaining: 1.22s
31:	learn: 0.0673526	total: 249ms	remaining: 1.19s
32:	learn: 0.0665265	total: 252ms	remaining: 1.16s
33:	learn: 0.0656520	total: 256ms	remaining: 1.14s
34:	learn: 0.0643877	total: 259ms	remaining: 1.11s
35:	learn: 0.0629497	total: 263ms	remaining: 1.09s
36:	learn: 0.0621435	total: 267ms	remaining: 1.07s
37:	learn: 0.0613956	total: 270ms	remaining: 1.04s
38:	learn: 0.0605479	total: 274ms	remaining: 1.02s
39:	learn: 0.0600275	total: 275ms	remaining: 998ms
40:	learn: 0.0594942	total: 279ms	remaining: 978ms
41:	learn: 0.0586894	total: 282ms	remaining: 961ms
42:	learn: 0.0582524	total: 285ms	remaining: 943ms
43:	learn: 0.0578424	total: 289ms	remaining: 926ms
44:	learn: 0.0573036	total: 292ms	remaining: 910ms
45:	learn: 0.0564522	total: 296ms	remaining: 894ms
46:	learn: 0.0561003	total: 299ms	remaining: 878ms
47:	learn: 0.0557711	total: 302ms	remaining: 862ms
48:	learn: 0.0554559	total: 305ms	remaining: 847ms
49:	learn: 0.0550032	total: 309ms	remaining: 834ms
50:	learn: 0.0545492	total: 312ms	remaining: 820ms
51:	learn: 0.0540310	total: 316ms	remaining: 808ms
52:	learn: 0.0533805	total: 319ms	remaining: 796ms
53:	learn: 0.0530907	total: 323ms	remaining: 784ms
54:	learn: 0.0528817	total: 327ms	remaining: 772ms
55:	learn: 0.0525094	total: 330ms	remaining: 760ms
56:	learn: 0.0523422	total: 334ms	remaining: 750ms
57:	learn: 0.0519355	total: 338ms	remaining: 739ms
58:	learn: 0.0516776	total: 341ms	remaining: 729ms
59:	learn: 0.0510278	total: 344ms	remaining: 718ms
60:	learn: 0.0507816	total: 348ms	remaining: 707ms
61:	learn: 0.0505951	total: 351ms	remaining: 697ms
62:	learn: 0.0503191	total: 355ms	remaining: 687ms
63:	learn: 0.0501532	total: 358ms	remaining: 677ms
64:	learn: 0.0498885	total: 361ms	remaining: 667ms
65:	learn: 0.0495362	total: 365ms	remaining: 657ms
66:	learn: 0.0491259	total: 368ms	remaining: 649ms
67:	learn: 0.0489648	total: 371ms	remaining: 639ms
68:	learn: 0.0487896	total: 375ms	remaining: 630ms
69:	learn: 0.0482187	total: 378ms	remaining: 621ms
70:	learn: 0.0480450	total: 381ms	remaining: 612ms
71:	learn: 0.0479113	total: 384ms	remaining: 603ms
72:	learn: 0.0475240	total: 388ms	remaining: 595ms
73:	learn: 0.0472795	total: 391ms	remaining: 587ms
74:	learn: 0.0471497	total: 395ms	remaining: 579ms
75:	learn: 0.0470204	total: 398ms	remaining: 571ms
76:	learn: 0.0468991	total: 410ms	remaining: 575ms
77:	learn: 0.0467759	total: 414ms	remaining: 568ms
78:	learn: 0.0466605	total: 417ms	remaining: 560ms
79:	learn: 0.0464508	total: 421ms	remaining: 552ms
80:	learn: 0.0463718	total: 424ms	remaining: 544ms
81:	learn: 0.0461519	total: 428ms	remaining: 537ms
82:	learn: 0.0459558	total: 431ms	remaining: 530ms
83:	learn: 0.0458304	total: 435ms	remaining: 523ms
84:	learn: 0.0456455	total: 438ms	remaining: 516ms
85:	learn: 0.0454625	total: 442ms	remaining: 509ms
86:	learn: 0.0452753	total: 446ms	remaining: 502ms
87:	learn: 0.0451075	total: 449ms	remaining: 495ms
88:	learn: 0.0449432	total: 453ms	remaining: 488ms
89:	learn: 0.0447724	total: 456ms	remaining: 481ms
90:	learn: 0.0446120	total: 459ms	remaining: 475ms
91:	learn: 0.0444544	total: 463ms	remaining: 468ms
92:	learn: 0.0443209	total: 467ms	remaining: 462ms
93:	learn: 0.0441622	total: 470ms	remaining: 455ms
94:	learn: 0.0440098	total: 474ms	remaining: 449ms
95:	learn: 0.0438603	total: 477ms	remaining: 442ms
96:	learn: 0.0437137	total: 481ms	remaining: 436ms
97:	learn: 0.0435704	total: 484ms	remaining: 430ms
98:	learn: 0.0434917	total: 487ms	remaining: 423ms
99:	learn: 0.0433517	total: 491ms	remaining: 417ms
100:	learn: 0.0432153	total: 494ms	remaining: 411ms
101:	learn: 0.0431381	total: 498ms	remaining: 405ms
102:	learn: 0.0430640	total: 501ms	remaining: 399ms
103:	learn: 0.0429928	total: 505ms	remaining: 393ms
104:	learn: 0.0429095	total: 508ms	remaining: 387ms
105:	learn: 0.0427633	total: 511ms	remaining: 381ms
106:	learn: 0.0426207	total: 514ms	remaining: 375ms
107:	learn: 0.0425412	total: 518ms	remaining: 369ms
108:	learn: 0.0423996	total: 521ms	remaining: 364ms
109:	learn: 0.0423267	total: 525ms	remaining: 358ms
110:	learn: 0.0422518	total: 528ms	remaining: 352ms
111:	learn: 0.0421794	total: 531ms	remaining: 346ms
112:	learn: 0.0420480	total: 535ms	remaining: 341ms
113:	learn: 0.0419813	total: 538ms	remaining: 335ms
114:	learn: 0.0419120	total: 541ms	remaining: 329ms
115:	learn: 0.0418457	total: 545ms	remaining: 324ms
116:	learn: 0.0417224	total: 548ms	remaining: 318ms
117:	learn: 0.0416585	total: 551ms	remaining: 313ms
118:	learn: 0.0415792	total: 555ms	remaining: 308ms
119:	learn: 0.0415035	total: 558ms	remaining: 302ms
120:	learn: 0.0414431	total: 562ms	remaining: 297ms
121:	learn: 0.0413845	total: 565ms	remaining: 292ms
122:	learn: 0.0413134	total: 568ms	remaining: 286ms
123:	learn: 0.0412455	total: 572ms	remaining: 281ms
124:	learn: 0.0411900	total: 575ms	remaining: 276ms
125:	learn: 0.0411254	total: 579ms	remaining: 271ms
126:	learn: 0.0410726	total: 582ms	remaining: 266ms
127:	learn: 0.0409650	total: 585ms	remaining: 261ms
128:	learn: 0.0409145	total: 589ms	remaining: 256ms
129:	learn: 0.0408107	total: 592ms	remaining: 251ms
130:	learn: 0.0407111	total: 596ms	remaining: 246ms
131:	learn: 0.0406568	total: 600ms	remaining: 241ms
132:	learn: 0.0406060	total: 604ms	remaining: 236ms
133:	learn: 0.0405574	total: 608ms	remaining: 231ms
134:	learn: 0.0405108	total: 612ms	remaining: 227ms
135:	learn: 0.0404632	total: 616ms	remaining: 222ms
136:	learn: 0.0404195	total: 619ms	remaining: 217ms
137:	learn: 0.0402940	total: 622ms	remaining: 212ms
138:	learn: 0.0401843	total: 626ms	remaining: 207ms
139:	learn: 0.0400658	total: 629ms	remaining: 202ms
140:	learn: 0.0399782	total: 633ms	remaining: 197ms
141:	learn: 0.0398666	total: 636ms	remaining: 193ms
142:	learn: 0.0397603	total: 640ms	remaining: 188ms
143:	learn: 0.0395849	total: 643ms	remaining: 183ms
144:	learn: 0.0394201	total: 646ms	remaining: 178ms
145:	learn: 0.0393823	total: 650ms	remaining: 174ms
146:	learn: 0.0392434	total: 653ms	remaining: 169ms
147:	learn: 0.0390885	total: 656ms	remaining: 164ms
148:	learn: 0.0389963	total: 660ms	remaining: 159ms
149:	learn: 0.0388954	total: 663ms	remaining: 155ms
150:	learn: 0.0387498	total: 667ms	remaining: 150ms
151:	learn: 0.0386955	total: 670ms	remaining: 145ms
152:	learn: 0.0385668	total: 674ms	remaining: 141ms
153:	learn: 0.0384293	total: 677ms	remaining: 136ms
154:	learn: 0.0382990	total: 681ms	remaining: 132ms
155:	learn: 0.0382479	total: 684ms	remaining: 127ms
156:	learn: 0.0381979	total: 688ms	remaining: 123ms
157:	learn: 0.0380746	total: 691ms	remaining: 118ms
158:	learn: 0.0379522	total: 694ms	remaining: 113ms
159:	learn: 0.0378726	total: 698ms	remaining: 109ms
160:	learn: 0.0377553	total: 702ms	remaining: 105ms
161:	learn: 0.0376697	total: 706ms	remaining: 100ms
162:	learn: 0.0375593	total: 709ms	remaining: 95.7ms
163:	learn: 0.0374775	total: 713ms	remaining: 91.3ms
164:	learn: 0.0373947	total: 716ms	remaining: 86.8ms
165:	learn: 0.0373138	total: 720ms	remaining: 82.4ms
166:	learn: 0.0372344	total: 723ms	remaining: 78ms
167:	learn: 0.0371495	total: 727ms	remaining: 73.5ms
168:	learn: 0.0370362	total: 730ms	remaining: 69.1ms
169:	learn: 0.0369303	total: 734ms	remaining: 64.8ms
170:	learn: 0.0368425	total: 738ms	remaining: 60.4ms
171:	learn: 0.0367599	total: 741ms	remaining: 56ms
172:	learn: 0.0366532	total: 745ms	remaining: 51.7ms
173:	learn: 0.0365582	total: 749ms	remaining: 47.3ms
174:	learn: 0.0364677	total: 752ms	remaining: 43ms
175:	learn: 0.0363814	total: 756ms	remaining: 38.6ms
176:	learn: 0.0362827	total: 759ms	remaining: 34.3ms
177:	learn: 0.0362044	total: 763ms	remaining: 30ms
178:	learn: 0.0361152	total: 767ms	remaining: 25.7ms
179:	learn: 0.0360195	total: 770ms	remaining: 21.4ms
180:	learn: 0.0359475	total: 774ms	remaining: 17.1ms
181:	learn: 0.0358702	total: 777ms	remaining: 12.8ms
182:	learn: 0.0357961	total: 780ms	remaining: 8.53ms
183:	learn: 0.0357221	total: 783ms	remaining: 4.26ms
184:	learn: 0.0356510	total: 787ms	remaining: 0us
